170618 17:26:47 mysqld_safe Logging to '/Applications/wordpress-4.8.php56-0/mysql/data/mysqld.log'.
170618 17:26:47 mysqld_safe Starting mysqld.bin daemon with databases from /Applications/wordpress-4.8.php56-0/mysql/data
2017-06-18 17:26:48 0 [Warning] TIMESTAMP with implicit DEFAULT value is deprecated. Please use --explicit_defaults_for_timestamp server option (see documentation for more details).
2017-06-18 17:26:48 0 [Note] --secure-file-priv is set to NULL. Operations related to importing and exporting data are disabled
2017-06-18 17:26:48 0 [Note] /Applications/wordpress-4.8.php56-0/mysql/bin/mysqld.bin (mysqld 5.6.36) starting as process 34831 ...
2017-06-18 17:26:48 34831 [Note] Plugin 'FEDERATED' is disabled.
2017-06-18 17:26:48 34831 [Note] InnoDB: Using atomics to ref count buffer pool pages
2017-06-18 17:26:48 34831 [Note] InnoDB: The InnoDB memory heap is disabled
2017-06-18 17:26:48 34831 [Note] InnoDB: Mutexes and rw_locks use GCC atomic builtins
2017-06-18 17:26:48 34831 [Note] InnoDB: Memory barrier is not used
2017-06-18 17:26:48 34831 [Note] InnoDB: Compressed tables use zlib 1.2.8
2017-06-18 17:26:48 34831 [Note] InnoDB: Using CPU crc32 instructions
2017-06-18 17:26:48 34831 [Note] InnoDB: Initializing buffer pool, size = 128.0M
2017-06-18 17:26:48 34831 [Note] InnoDB: Completed initialization of buffer pool
2017-06-18 17:26:48 34831 [Note] InnoDB: Highest supported file format is Barracuda.
2017-06-18 17:26:48 34831 [Note] InnoDB: 128 rollback segment(s) are active.
2017-06-18 17:26:48 34831 [Note] InnoDB: Waiting for purge to start
2017-06-18 17:26:48 34831 [Note] InnoDB: 5.6.36 started; log sequence number 1625987
2017-06-18 17:26:48 34831 [Warning] No existing UUID has been found, so we assume that this is the first time that this server has been started. Generating a new UUID: d63391c4-546c-11e7-beb6-0b228947c91b.
2017-06-18 17:26:48 34831 [Note] RSA private key file not found: /Applications/wordpress-4.8.php56-0/mysql/data//private_key.pem. Some authentication plugins will not work.
2017-06-18 17:26:48 34831 [Note] RSA public key file not found: /Applications/wordpress-4.8.php56-0/mysql/data//public_key.pem. Some authentication plugins will not work.
2017-06-18 17:26:48 34831 [Note] Server hostname (bind-address): '127.0.0.1'; port: 3306
2017-06-18 17:26:48 34831 [Note]   - '127.0.0.1' resolves to '127.0.0.1';
2017-06-18 17:26:48 34831 [Note] Server socket created on IP: '127.0.0.1'.
2017-06-18 17:26:48 34831 [Note] Event Scheduler: Loaded 0 events
2017-06-18 17:26:48 34831 [Note] /Applications/wordpress-4.8.php56-0/mysql/bin/mysqld.bin: ready for connections.
Version: '5.6.36'  socket: '/Applications/wordpress-4.8.php56-0/mysql/tmp/mysql.sock'  port: 3306  Source distribution
